[2022-09-04 06:12:05,094 INFO root] Taurus CLI Tool v1.16.12
[2022-09-04 06:12:05,095 DEBUG root] Build: 14400 Tue Aug 30 08:02:17 UTC 2022
[2022-09-04 06:12:05,095 DEBUG root] Extended git info:  a42a14eb 1.16.12 Release
[2022-09-04 06:12:05,095 DEBUG root] Command-line options: {'log': '/tmp/bzt_7v4dbuz2.log', 'option': ['settings.artifacts-dir=my-taurus-output-3', 'modules.jmeter.path=/home/hsonnl/azagent/_work/_tool/jmeter-b78fe7bc0106f2518c30e8a491073b2c33bc8b3afeca19834f6642e7/5.4.2/x64/apache-jmeter-5.4.2', 'modules.jmeter.version=5.4.2'], 'quiet': None, 'verbose': None, 'no_system_configs': None, 'aliases': []}
[2022-09-04 06:12:05,095 DEBUG root] Python: CPython 3.8.10
[2022-09-04 06:12:05,095 DEBUG root] OS: uname_result(system='Linux', node='hsonnlVM', release='5.15.0-1019-azure', version='#24~20.04.1-Ubuntu SMP Tue Aug 23 15:52:52 UTC 2022', machine='x86_64', processor='x86_64')
[2022-09-04 06:12:05,095 DEBUG root] Path to interpreter: /usr/bin/python3
[2022-09-04 06:12:05,095 DEBUG root] Path to packages: ['/usr/local/bin', '/usr/lib/python38.zip', '/usr/lib/python3.8', '/usr/lib/python3.8/lib-dynload', '/home/hsonnl/.local/lib/python3.8/site-packages', '/usr/local/lib/python3.8/dist-packages', '/usr/lib/python3/dist-packages']
[2022-09-04 06:12:05,095 DEBUG root] Default python: None
[2022-09-04 06:12:05,095 DEBUG root] Default python3: /usr/bin/python3
[2022-09-04 06:12:05,097 DEBUG root] Using personal config: /home/hsonnl/.bzt-rc
[2022-09-04 06:12:05,097 INFO root] Starting with configs: ['/home/hsonnl/.bzt-rc', '/home/hsonnl/azagent/_work/_temp/2cbc22e0-7456-479b-8e45-f73f3ec88456/task.yml']
[2022-09-04 06:12:05,097 INFO Engine] Configuring...
[2022-09-04 06:12:05,109 DEBUG Engine] Base configs list: ['/usr/local/lib/python3.8/dist-packages/bzt/resources/10-base-config.yml']
[2022-09-04 06:12:05,109 DEBUG Engine.Configuration] Configs: ['/usr/local/lib/python3.8/dist-packages/bzt/resources/10-base-config.yml']
[2022-09-04 06:12:05,109 DEBUG Engine.Configuration] Reading /usr/local/lib/python3.8/dist-packages/bzt/resources/10-base-config.yml as YAML
[2022-09-04 06:12:05,126 DEBUG Engine] User configs list: ['/home/hsonnl/.bzt-rc', '/home/hsonnl/azagent/_work/_temp/2cbc22e0-7456-479b-8e45-f73f3ec88456/task.yml']
[2022-09-04 06:12:05,126 DEBUG Engine.Configuration] Configs: ['/home/hsonnl/.bzt-rc', '/home/hsonnl/azagent/_work/_temp/2cbc22e0-7456-479b-8e45-f73f3ec88456/task.yml']
[2022-09-04 06:12:05,127 DEBUG Engine.Configuration] Reading /home/hsonnl/.bzt-rc as YAML
[2022-09-04 06:12:05,129 DEBUG Engine.Configuration] Reading /home/hsonnl/azagent/_work/_temp/2cbc22e0-7456-479b-8e45-f73f3ec88456/task.yml as YAML
[2022-09-04 06:12:05,130 DEBUG Engine.Configuration] Configs: ['/home/hsonnl/.bzt-rc', '/home/hsonnl/azagent/_work/_temp/2cbc22e0-7456-479b-8e45-f73f3ec88456/task.yml']
[2022-09-04 06:12:05,130 DEBUG Engine.Configuration] Reading /home/hsonnl/.bzt-rc as YAML
[2022-09-04 06:12:05,133 DEBUG Engine.Configuration] Reading /home/hsonnl/azagent/_work/_temp/2cbc22e0-7456-479b-8e45-f73f3ec88456/task.yml as YAML
[2022-09-04 06:12:05,135 DEBUG Engine] Requesting updates info: https://gettaurus.org/updates/?version=1.16.12&installID=linux-b5d926971021
[2022-09-04 06:12:05,135 DEBUG ConfigOverrider] Applying settings.artifacts-dir=my-taurus-output-3
[2022-09-04 06:12:05,135 DEBUG HTTPClient] Making HTTP request GET https://gettaurus.org/updates/?version=1.16.12&installID=linux-b5d926971021
[2022-09-04 06:12:05,135 DEBUG ConfigOverrider] Applying: [artifacts-dir]=my-taurus-output-3
[2022-09-04 06:12:05,136 DEBUG ConfigOverrider] Parsed override value: 'my-taurus-output-3' -> 'my-taurus-output-3' (<class 'str'>)
[2022-09-04 06:12:05,136 DEBUG ConfigOverrider] Applying modules.jmeter.path=/home/hsonnl/azagent/_work/_tool/jmeter-b78fe7bc0106f2518c30e8a491073b2c33bc8b3afeca19834f6642e7/5.4.2/x64/apache-jmeter-5.4.2
[2022-09-04 06:12:05,136 DEBUG ConfigOverrider] Applying: [path]=/home/hsonnl/azagent/_work/_tool/jmeter-b78fe7bc0106f2518c30e8a491073b2c33bc8b3afeca19834f6642e7/5.4.2/x64/apache-jmeter-5.4.2
[2022-09-04 06:12:05,136 DEBUG ConfigOverrider] Parsed override value: '/home/hsonnl/azagent/_work/_tool/jmeter-b78fe7bc0106f2518c30e8a491073b2c33bc8b3afeca19834f6642e7/5.4.2/x64/apache-jmeter-5.4.2' -> '/home/hsonnl/azagent/_work/_tool/jmeter-b78fe7bc0106f2518c30e8a491073b2c33bc8b3afeca19834f6642e7/5.4.2/x64/apache-jmeter-5.4.2' (<class 'str'>)
[2022-09-04 06:12:05,136 DEBUG ConfigOverrider] Applying modules.jmeter.version=5.4.2
[2022-09-04 06:12:05,136 DEBUG ConfigOverrider] Applying: [version]=5.4.2
[2022-09-04 06:12:05,136 DEBUG ConfigOverrider] Parsed override value: '5.4.2' -> '5.4.2' (<class 'str'>)
[2022-09-04 06:12:05,136 INFO Engine] Artifacts dir: /home/hsonnl/azagent/_work/1/s/my-taurus-output-3
[2022-09-04 06:12:05,138 DEBUG urllib3.connectionpool] Starting new HTTPS connection (1): gettaurus.org:443
[2022-09-04 06:12:05,139 DEBUG Engine] New artifact filename: /home/hsonnl/azagent/_work/1/s/my-taurus-output-3/effective
[2022-09-04 06:12:05,141 DEBUG Engine.Configuration] Dumping YAML config into /home/hsonnl/azagent/_work/1/s/my-taurus-output-3/effective.yml
[2022-09-04 06:12:05,153 DEBUG Engine.Configuration] Dumping JSON config into /home/hsonnl/azagent/_work/1/s/my-taurus-output-3/effective.json
[2022-09-04 06:12:05,153 DEBUG Engine] New artifact filename: /home/hsonnl/azagent/_work/1/s/my-taurus-output-3/merged.yml
[2022-09-04 06:12:05,153 DEBUG Engine.Configuration] Dumping YAML config into /home/hsonnl/azagent/_work/1/s/my-taurus-output-3/merged.yml
[2022-09-04 06:12:05,154 DEBUG Engine] New artifact filename: /home/hsonnl/azagent/_work/1/s/my-taurus-output-3/merged.json
[2022-09-04 06:12:05,154 DEBUG Engine.Configuration] Dumping JSON config into /home/hsonnl/azagent/_work/1/s/my-taurus-output-3/merged.json
[2022-09-04 06:12:05,154 DEBUG Engine] Add existing artifact (move=False): /home/hsonnl/.bzt-rc
[2022-09-04 06:12:05,154 DEBUG Engine] Copying /home/hsonnl/.bzt-rc to /home/hsonnl/azagent/_work/1/s/my-taurus-output-3/.bzt-rc
[2022-09-04 06:12:05,155 DEBUG Engine] Add existing artifact (move=False): /home/hsonnl/azagent/_work/_temp/2cbc22e0-7456-479b-8e45-f73f3ec88456/task.yml
[2022-09-04 06:12:05,155 DEBUG Engine] Copying /home/hsonnl/azagent/_work/_temp/2cbc22e0-7456-479b-8e45-f73f3ec88456/task.yml to /home/hsonnl/azagent/_work/1/s/my-taurus-output-3/task.yml
[2022-09-04 06:12:05,155 DEBUG Engine] Set PYTHONPATH to :
	CURRENT: '' +
	TEMP: '/home/hsonnl/azagent/_work/1/s/my-taurus-output-3/python-packages/3.8.10' +
	USER: '/home/hsonnl/.bzt/python-packages/3.8.10'
[2022-09-04 06:12:05,155 DEBUG Engine] Content of user packages dir: []
[2022-09-04 06:12:05,155 DEBUG Engine] OS env: OBJC_DISABLE_INITIALIZE_FORK_SAFETY=YES
[2022-09-04 06:12:05,155 DEBUG Engine] OS env: TAURUS_ARTIFACTS_DIR=/home/hsonnl/azagent/_work/1/s/my-taurus-output-3
[2022-09-04 06:12:05,155 DEBUG root] Closing log handler: /tmp/bzt_7v4dbuz2.log
[2022-09-04 06:12:05,155 DEBUG root] Switched writing logs to /home/hsonnl/azagent/_work/1/s/my-taurus-output-3/bzt.log
[2022-09-04 06:12:05,155 DEBUG root] Linting config
[2022-09-04 06:12:05,157 INFO Engine] Preparing...
[2022-09-04 06:12:05,157 DEBUG Engine] Module config: consolidator {'class': 'bzt.modules.aggregator.ConsolidatingAggregator'}
[2022-09-04 06:12:05,157 DEBUG root] Importing module: bzt.modules.aggregator
[2022-09-04 06:12:05,285 DEBUG root] Loading class: 'ConsolidatingAggregator' from <module 'bzt.modules.aggregator' from '/usr/local/lib/python3.8/dist-packages/bzt/modules/aggregator.py'>
[2022-09-04 06:12:05,285 DEBUG Engine.consolidator] Buffer scaling setup: percentile 95.0 from [0.0, 50.0, 90.0, 95.0, 99.0, 99.9, 100.0] selected
[2022-09-04 06:12:05,285 DEBUG Engine] Module config: monitoring {'class': 'bzt.modules.monitoring.Monitoring'}
[2022-09-04 06:12:05,286 DEBUG root] Importing module: bzt.modules.monitoring
[2022-09-04 06:12:05,287 DEBUG root] Loading class: 'Monitoring' from <module 'bzt.modules.monitoring' from '/usr/local/lib/python3.8/dist-packages/bzt/modules/monitoring.py'>
[2022-09-04 06:12:05,287 DEBUG Engine] Module config: local {'class': 'bzt.modules.provisioning.Local'}
[2022-09-04 06:12:05,287 DEBUG root] Importing module: bzt.modules.provisioning
[2022-09-04 06:12:05,287 DEBUG root] Loading class: 'Local' from <module 'bzt.modules.provisioning' from '/usr/local/lib/python3.8/dist-packages/bzt/modules/provisioning.py'>
[2022-09-04 06:12:05,287 DEBUG Engine] Module config: jmeter {'class': 'bzt.modules.jmeter.JMeterExecutor', 'protocol-handlers': {'http': 'bzt.jmx.http.HTTPProtocolHandler', 'mqtt': 'bzt.jmx.mqtt.MQTTProtocolHandler'}, 'plugins': ['jpgc-casutg', 'jpgc-dummy', 'jpgc-ffw', 'jpgc-fifo', 'jpgc-functions', 'jpgc-json', 'jpgc-perfmon', 'jpgc-prmctl', 'jpgc-tst'], 'properties': {'jmeter.save.saveservice.autoflush': 'true', 'jmeter.save.saveservice.connect_time': 'true', 'jmeterengine.force.system.exit': 'true', 'summariser.name': ''}, 'path': '/home/hsonnl/azagent/_work/_tool/jmeter-b78fe7bc0106f2518c30e8a491073b2c33bc8b3afeca19834f6642e7/5.4.2/x64/apache-jmeter-5.4.2', 'version': '5.4.2'}
[2022-09-04 06:12:05,287 DEBUG root] Importing module: bzt.modules.jmeter
[2022-09-04 06:12:05,295 DEBUG root] Loading class: 'JMeterExecutor' from <module 'bzt.modules.jmeter' from '/usr/local/lib/python3.8/dist-packages/bzt/modules/jmeter.py'>
[2022-09-04 06:12:05,295 DEBUG Engine.local] Preparing executor: jmeter/140516265153584
[2022-09-04 06:12:05,296 DEBUG Engine] New artifact filename: /home/hsonnl/azagent/_work/1/s/my-taurus-output-3/jmeter.log
[2022-09-04 06:12:05,296 DEBUG Engine.jmeter] Checking if port 4445 is free
[2022-09-04 06:12:05,296 DEBUG Engine.jmeter] Port 4445 is free
[2022-09-04 06:12:05,296 DEBUG Engine.jmeter] Using port 4445 for management
[2022-09-04 06:12:05,296 DEBUG Engine.jmeter] Extract {'script': '/home/hsonnl/azagent/_work/1/automatedtesting/jmeter/Starter.jmx'} into scenarios
[2022-09-04 06:12:05,296 DEBUG Engine.jmeter] Getting Jmeter version.
[2022-09-04 06:12:05,296 DEBUG Engine.jmeter] Autodetect version is enabled
[2022-09-04 06:12:05,296 DEBUG Engine.jmeter] JMeter version: 5.4.2
[2022-09-04 06:12:05,296 DEBUG Engine.jmeter] Additional properties: {'jmeter.save.saveservice.autoflush': 'true', 'jmeter.save.saveservice.connect_time': 'true', 'jmeterengine.force.system.exit': 'true', 'summariser.name': '', 'jmeterengine.nongui.port': 4445, 'jmeterengine.nongui.maxport': 4445, 'jmeter.save.saveservice.timestamp_format': 'ms', 'sampleresult.default.encoding': 'UTF-8', 'user.classpath': '/home/hsonnl/azagent/_work/1/s/my-taurus-output-3:/home/hsonnl/azagent/_work/1/automatedtesting/jmeter'}
[2022-09-04 06:12:05,296 DEBUG Engine] New artifact filename: /home/hsonnl/azagent/_work/1/s/my-taurus-output-3/jmeter-bzt.properties
[2022-09-04 06:12:05,296 DEBUG Engine.jmeter.JavaVM] Trying JavaVM: ['java', '-version']
[2022-09-04 06:12:05,297 INFO root] Executing shell: ['java', '-version'] at .
[2022-09-04 06:12:05,353 DEBUG Engine.jmeter.JavaVM] JavaVM output: openjdk version "1.8.0_342"
OpenJDK Runtime Environment (build 1.8.0_342-8u342-b07-0ubuntu1~20.04-b07)
OpenJDK 64-Bit Server VM (build 25.342-b07, mixed mode)

[2022-09-04 06:12:05,353 DEBUG Engine.jmeter.TclLibrary] We don't need to check tcl library on this platform
[2022-09-04 06:12:05,353 DEBUG Engine.jmeter.JMeter] Trying JMeter..
[2022-09-04 06:12:05,354 INFO root] Executing shell: ['/home/hsonnl/azagent/_work/_tool/jmeter-b78fe7bc0106f2518c30e8a491073b2c33bc8b3afeca19834f6642e7/5.4.2/x64/apache-jmeter-5.4.2/bin/jmeter.sh', '-j', '/tmp/jmeterk7hceu2olog', '--version'] at .
[2022-09-04 06:12:05,622 DEBUG HTTPClient] Request resulted in exception: Traceback (most recent call last):
  File "/home/hsonnl/.local/lib/python3.8/site-packages/urllib3/contrib/pyopenssl.py", line 506, in wrap_socket
    cnx.do_handshake()
  File "/usr/lib/python3/dist-packages/OpenSSL/SSL.py", line 1915, in do_handshake
    self._raise_ssl_error(self._ssl, result)
  File "/usr/lib/python3/dist-packages/OpenSSL/SSL.py", line 1647, in _raise_ssl_error
    _raise_current_error()
  File "/usr/lib/python3/dist-packages/OpenSSL/_util.py", line 54, in exception_from_error_queue
    raise exception_type(errors)
OpenSSL.SSL.Error: [('SSL routines', 'tls_process_server_certificate', 'certificate verify failed')]

During handling of the above exception, another exception occurred:

Traceback (most recent call last):
  File "/home/hsonnl/.local/lib/python3.8/site-packages/urllib3/connectionpool.py", line 703, in urlopen
    httplib_response = self._make_request(
  File "/home/hsonnl/.local/lib/python3.8/site-packages/urllib3/connectionpool.py", line 386, in _make_request
    self._validate_conn(conn)
  File "/home/hsonnl/.local/lib/python3.8/site-packages/urllib3/connectionpool.py", line 1042, in _validate_conn
    conn.connect()
  File "/home/hsonnl/.local/lib/python3.8/site-packages/urllib3/connection.py", line 414, in connect
    self.sock = ssl_wrap_socket(
  File "/home/hsonnl/.local/lib/python3.8/site-packages/urllib3/util/ssl_.py", line 449, in ssl_wrap_socket
    ssl_sock = _ssl_wrap_socket_impl(
  File "/home/hsonnl/.local/lib/python3.8/site-packages/urllib3/util/ssl_.py", line 493, in _ssl_wrap_socket_impl
    return ssl_context.wrap_socket(sock, server_hostname=server_hostname)
  File "/home/hsonnl/.local/lib/python3.8/site-packages/urllib3/contrib/pyopenssl.py", line 512, in wrap_socket
    raise ssl.SSLError("bad handshake: %r" % e)
ssl.SSLError: ("bad handshake: Error([('SSL routines', 'tls_process_server_certificate', 'certificate verify failed')])",)

During handling of the above exception, another exception occurred:

Traceback (most recent call last):
  File "/usr/lib/python3/dist-packages/requests/adapters.py", line 439, in send
    resp = conn.urlopen(
  File "/home/hsonnl/.local/lib/python3.8/site-packages/urllib3/connectionpool.py", line 787, in urlopen
    retries = retries.increment(
  File "/home/hsonnl/.local/lib/python3.8/site-packages/urllib3/util/retry.py", line 592, in increment
    raise MaxRetryError(_pool, url, error or ResponseError(cause))
urllib3.exceptions.MaxRetryError: HTTPSConnectionPool(host='gettaurus.org', port=443): Max retries exceeded with url: /updates/?version=1.16.12&installID=linux-b5d926971021 (Caused by SSLError(SSLError("bad handshake: Error([('SSL routines', 'tls_process_server_certificate', 'certificate verify failed')])")))

During handling of the above exception, another exception occurred:

Traceback (most recent call last):
  File "/usr/local/lib/python3.8/dist-packages/bzt/utils.py", line 1233, in request
    return self.session.request(method, url, *args, **kwargs)
  File "/usr/lib/python3/dist-packages/requests/sessions.py", line 533, in request
    resp = self.send(prep, **send_kwargs)
  File "/usr/lib/python3/dist-packages/requests/sessions.py", line 646, in send
    r = adapter.send(request, **kwargs)
  File "/usr/lib/python3/dist-packages/requests/adapters.py", line 514, in send
    raise SSLError(e, request=request)
requests.exceptions.SSLError: HTTPSConnectionPool(host='gettaurus.org', port=443): Max retries exceeded with url: /updates/?version=1.16.12&installID=linux-b5d926971021 (Caused by SSLError(SSLError("bad handshake: Error([('SSL routines', 'tls_process_server_certificate', 'certificate verify failed')])")))

[2022-09-04 06:12:05,622 DEBUG Engine] Failed to check for updates: Traceback (most recent call last):
  File "/home/hsonnl/.local/lib/python3.8/site-packages/urllib3/contrib/pyopenssl.py", line 506, in wrap_socket
    cnx.do_handshake()
  File "/usr/lib/python3/dist-packages/OpenSSL/SSL.py", line 1915, in do_handshake
    self._raise_ssl_error(self._ssl, result)
  File "/usr/lib/python3/dist-packages/OpenSSL/SSL.py", line 1647, in _raise_ssl_error
    _raise_current_error()
  File "/usr/lib/python3/dist-packages/OpenSSL/_util.py", line 54, in exception_from_error_queue
    raise exception_type(errors)
OpenSSL.SSL.Error: [('SSL routines', 'tls_process_server_certificate', 'certificate verify failed')]

During handling of the above exception, another exception occurred:

Traceback (most recent call last):
  File "/home/hsonnl/.local/lib/python3.8/site-packages/urllib3/connectionpool.py", line 703, in urlopen
    httplib_response = self._make_request(
  File "/home/hsonnl/.local/lib/python3.8/site-packages/urllib3/connectionpool.py", line 386, in _make_request
    self._validate_conn(conn)
  File "/home/hsonnl/.local/lib/python3.8/site-packages/urllib3/connectionpool.py", line 1042, in _validate_conn
    conn.connect()
  File "/home/hsonnl/.local/lib/python3.8/site-packages/urllib3/connection.py", line 414, in connect
    self.sock = ssl_wrap_socket(
  File "/home/hsonnl/.local/lib/python3.8/site-packages/urllib3/util/ssl_.py", line 449, in ssl_wrap_socket
    ssl_sock = _ssl_wrap_socket_impl(
  File "/home/hsonnl/.local/lib/python3.8/site-packages/urllib3/util/ssl_.py", line 493, in _ssl_wrap_socket_impl
    return ssl_context.wrap_socket(sock, server_hostname=server_hostname)
  File "/home/hsonnl/.local/lib/python3.8/site-packages/urllib3/contrib/pyopenssl.py", line 512, in wrap_socket
    raise ssl.SSLError("bad handshake: %r" % e)
ssl.SSLError: ("bad handshake: Error([('SSL routines', 'tls_process_server_certificate', 'certificate verify failed')])",)

During handling of the above exception, another exception occurred:

Traceback (most recent call last):
  File "/usr/lib/python3/dist-packages/requests/adapters.py", line 439, in send
    resp = conn.urlopen(
  File "/home/hsonnl/.local/lib/python3.8/site-packages/urllib3/connectionpool.py", line 787, in urlopen
    retries = retries.increment(
  File "/home/hsonnl/.local/lib/python3.8/site-packages/urllib3/util/retry.py", line 592, in increment
    raise MaxRetryError(_pool, url, error or ResponseError(cause))
urllib3.exceptions.MaxRetryError: HTTPSConnectionPool(host='gettaurus.org', port=443): Max retries exceeded with url: /updates/?version=1.16.12&installID=linux-b5d926971021 (Caused by SSLError(SSLError("bad handshake: Error([('SSL routines', 'tls_process_server_certificate', 'certificate verify failed')])")))

During handling of the above exception, another exception occurred:

Traceback (most recent call last):
  File "/usr/local/lib/python3.8/dist-packages/bzt/utils.py", line 1233, in request
    return self.session.request(method, url, *args, **kwargs)
  File "/usr/lib/python3/dist-packages/requests/sessions.py", line 533, in request
    resp = self.send(prep, **send_kwargs)
  File "/usr/lib/python3/dist-packages/requests/sessions.py", line 646, in send
    r = adapter.send(request, **kwargs)
  File "/usr/lib/python3/dist-packages/requests/adapters.py", line 514, in send
    raise SSLError(e, request=request)
requests.exceptions.SSLError: HTTPSConnectionPool(host='gettaurus.org', port=443): Max retries exceeded with url: /updates/?version=1.16.12&installID=linux-b5d926971021 (Caused by SSLError(SSLError("bad handshake: Error([('SSL routines', 'tls_process_server_certificate', 'certificate verify failed')])")))

During handling of the above exception, another exception occurred:

Traceback (most recent call last):
  File "/usr/local/lib/python3.8/dist-packages/bzt/engine/engine.py", line 732, in _check_updates
    response = client.request('GET', addr, timeout=10)
  File "/usr/local/lib/python3.8/dist-packages/bzt/utils.py", line 1240, in request
    raise TaurusNetworkError(msg)
bzt.TaurusNetworkError: Request to https://gettaurus.org/updates/?version=1.16.12&installID=linux-b5d926971021 failed

[2022-09-04 06:12:05,623 WARNING Engine] Failed to check for updates
[2022-09-04 06:12:06,503 DEBUG Engine.jmeter.JMeter] JMeter check:     _    ____   _    ____ _   _ _____       _ __  __ _____ _____ _____ ____
   / \  |  _ \ / \  / ___| | | | ____|     | |  \/  | ____|_   _| ____|  _ \
  / _ \ | |_) / _ \| |   | |_| |  _|    _  | | |\/| |  _|   | | |  _| | |_) |
 / ___ \|  __/ ___ \ |___|  _  | |___  | |_| | |  | | |___  | | | |___|  _ <
/_/   \_\_| /_/   \_\____|_| |_|_____|  \___/|_|  |_|_____| |_| |_____|_| \_\ 5.4.2

Copyright (c) 1999-2021 The Apache Software Foundation

 / 
[2022-09-04 06:12:06,505 DEBUG Engine] New artifact filename: /home/hsonnl/azagent/_work/1/s/my-taurus-output-3/kpi.jtl
[2022-09-04 06:12:06,505 DEBUG Engine] New artifact filename: /home/hsonnl/azagent/_work/1/s/my-taurus-output-3/error.jtl
[2022-09-04 06:12:06,506 DEBUG Engine.jmeter.LoadSettingsProcessor] Load: LoadSpec(concurrency=5, throughput=None, ramp_up=2.0, hold=0, iterations=10, duration=2.0, steps=None)
[2022-09-04 06:12:06,506 DEBUG Engine.jmeter.LoadSettingsProcessor] Thread group detection: iterations are found, regular ThreadGroup will be used
[2022-09-04 06:12:06,507 DEBUG Engine.jmeter.LoadSettingsProcessor.ThreadGroupHandler] Converting ThreadGroup (Starter) to ThreadGroup and apply load parameters
[2022-09-04 06:12:06,508 DEBUG JMX] Saving JMX to: /home/hsonnl/azagent/_work/1/automatedtesting/jmeter/modified_Starter.jmx
[2022-09-04 06:12:06,508 INFO root] Executing shell: ['/home/hsonnl/azagent/_work/_tool/jmeter-b78fe7bc0106f2518c30e8a491073b2c33bc8b3afeca19834f6642e7/5.4.2/x64/apache-jmeter-5.4.2/bin/PluginsManagerCMD.sh', 'install-for-jmx', '/home/hsonnl/azagent/_work/1/automatedtesting/jmeter/modified_Starter.jmx'] at .
[2022-09-04 06:12:08,604 DEBUG Engine.jmeter.JMeter] Try to detect plugins for /home/hsonnl/azagent/_work/1/automatedtesting/jmeter/modified_Starter.jmx
2022-09-04 06:12:07,466 INFO o.j.r.PluginManagerCMD: Command is: install-for-jmx
2022-09-04 06:12:07,529 INFO o.j.r.JARSourceHTTP: Found cached repo
2022-09-04 06:12:07,851 INFO o.j.r.PluginManager: Plugins Status: [jpgc-functions=2.1, jpgc-casutg=2.10, jpgc-dummy=0.4, jpgc-ffw=2.0, jpgc-fifo=0.2, jpgc-json=2.7, jpgc-prmctl=0.4, jpgc-perfmon=2.1, jpgc-plugins-manager=1.3, jpgc-tst=2.5, jmeter-core=5.4.2, jmeter-ftp=5.4.2, jmeter-http=5.4.2, jmeter-jdbc=5.4.2, jmeter-jms=5.4.2, jmeter-junit=5.4.2, jmeter-java=5.4.2, jmeter-ldap=5.4.2, jmeter-mail=5.4.2, jmeter-mongodb=5.4.2, jmeter-native=5.4.2, jmeter-tcp=5.4.2, jmeter-components=5.4.2]
2022-09-04 06:12:07,853 INFO o.j.r.PluginManagerCMD: Params line is: /home/hsonnl/azagent/_work/1/automatedtesting/jmeter/modified_Starter.jmx
2022-09-04 06:12:08,179 INFO o.a.j.s.SaveService: Testplan (JMX) version: 2.2. Testlog (JTL) version: 2.2
2022-09-04 06:12:08,206 INFO o.a.j.s.SaveService: Using SaveService properties file encoding UTF-8
2022-09-04 06:12:08,213 INFO o.a.j.s.SaveService: Using SaveService properties version 5.0
2022-09-04 06:12:08,376 INFO o.a.j.p.h.s.HTTPSamplerBase: Parser for text/html is org.apache.jmeter.protocol.http.parser.LagartoBasedHtmlParser
2022-09-04 06:12:08,376 INFO o.a.j.p.h.s.HTTPSamplerBase: Parser for application/xhtml+xml is org.apache.jmeter.protocol.http.parser.LagartoBasedHtmlParser
2022-09-04 06:12:08,377 INFO o.a.j.p.h.s.HTTPSamplerBase: Parser for application/xml is org.apache.jmeter.protocol.http.parser.LagartoBasedHtmlParser
2022-09-04 06:12:08,377 INFO o.a.j.p.h.s.HTTPSamplerBase: Parser for text/xml is org.apache.jmeter.protocol.http.parser.LagartoBasedHtmlParser
2022-09-04 06:12:08,377 INFO o.a.j.p.h.s.HTTPSamplerBase: Parser for text/vnd.wap.wml is org.apache.jmeter.protocol.http.parser.RegexpHTMLParser
2022-09-04 06:12:08,380 INFO o.a.j.p.h.s.HTTPSamplerBase: Parser for text/css is org.apache.jmeter.protocol.http.parser.CssParser
2022-09-04 06:12:08,497 INFO o.j.r.PluginManager: Finishing without changes


[2022-09-04 06:12:08,604 DEBUG Engine] New artifact filename: /home/hsonnl/azagent/_work/1/s/my-taurus-output-3/jmeter.out
[2022-09-04 06:12:08,604 DEBUG Engine] New artifact filename: /home/hsonnl/azagent/_work/1/s/my-taurus-output-3/jmeter.err
[2022-09-04 06:12:08,605 DEBUG Engine] Module config: final-stats {'class': 'bzt.modules.reporting.FinalStatus'}
[2022-09-04 06:12:08,605 DEBUG root] Importing module: bzt.modules.reporting
[2022-09-04 06:12:08,614 DEBUG pyvirtualdisplay] version=3.0
[2022-09-04 06:12:08,615 DEBUG root] Loading class: 'FinalStatus' from <module 'bzt.modules.reporting' from '/usr/local/lib/python3.8/dist-packages/bzt/modules/reporting.py'>
[2022-09-04 06:12:08,616 DEBUG Engine] Module config: console {'class': 'bzt.modules.console.ConsoleStatusReporter'}
[2022-09-04 06:12:08,616 DEBUG root] Importing module: bzt.modules.console
[2022-09-04 06:12:08,616 DEBUG root] Loading class: 'ConsoleStatusReporter' from <module 'bzt.modules.console' from '/usr/local/lib/python3.8/dist-packages/bzt/modules/console.py'>
[2022-09-04 06:12:08,616 DEBUG Engine] Module config: junit-xml {'class': 'bzt.modules.reporting.JUnitXMLReporter'}
[2022-09-04 06:12:08,616 DEBUG root] Importing module: bzt.modules.reporting
[2022-09-04 06:12:08,616 DEBUG root] Loading class: 'JUnitXMLReporter' from <module 'bzt.modules.reporting' from '/usr/local/lib/python3.8/dist-packages/bzt/modules/reporting.py'>
[2022-09-04 06:12:08,617 DEBUG Engine.Configuration] Dumping YAML config into /home/hsonnl/azagent/_work/1/s/my-taurus-output-3/effective.yml
[2022-09-04 06:12:08,629 DEBUG Engine.Configuration] Dumping JSON config into /home/hsonnl/azagent/_work/1/s/my-taurus-output-3/effective.json
[2022-09-04 06:12:08,630 INFO Engine] Starting...
[2022-09-04 06:12:08,630 DEBUG Engine] Startup <bzt.modules.monitoring.Monitoring object at 0x7fcc7e11d730>
[2022-09-04 06:12:08,630 DEBUG Engine] Startup <bzt.modules.aggregator.ConsolidatingAggregator object at 0x7fcc7e11d280>
[2022-09-04 06:12:08,630 DEBUG Engine] Startup <bzt.modules.reporting.FinalStatus object at 0x7fcc7e12a700>
[2022-09-04 06:12:08,630 DEBUG Engine] Startup <bzt.modules.console.ConsoleStatusReporter object at 0x7fcc7e17e670>
[2022-09-04 06:12:08,630 INFO Engine.console] Waiting for results...
[2022-09-04 06:12:08,630 DEBUG Engine] Startup <bzt.modules.reporting.JUnitXMLReporter object at 0x7fcc7329fa90>
[2022-09-04 06:12:08,631 DEBUG Engine] Startup <bzt.modules.provisioning.Local object at 0x7fcc7e17e130>
[2022-09-04 06:12:08,631 DEBUG Engine.local] Delay setup for jmeter/Starter.jmx: 0(start-at) + 0(delay) = 0
[2022-09-04 06:12:08,632 DEBUG Engine.Configuration] Dumping YAML config into /home/hsonnl/azagent/_work/1/s/my-taurus-output-3/effective.yml
[2022-09-04 06:12:08,643 DEBUG Engine.Configuration] Dumping JSON config into /home/hsonnl/azagent/_work/1/s/my-taurus-output-3/effective.json
[2022-09-04 06:12:08,644 DEBUG root] Leveling down log file verbosity to INFO, use -v option to have DEBUG messages enabled
[2022-09-04 06:12:08,644 DEBUG root] Leveled up log file verbosity
[2022-09-04 06:12:08,644 DEBUG Engine] New artifact filename: /home/hsonnl/azagent/_work/1/s/my-taurus-output-3/GRACEFUL
[2022-09-04 06:12:08,645 INFO root] Executing shell: ['/home/hsonnl/azagent/_work/_tool/jmeter-b78fe7bc0106f2518c30e8a491073b2c33bc8b3afeca19834f6642e7/5.4.2/x64/apache-jmeter-5.4.2/bin/jmeter.sh', '-t', '/home/hsonnl/azagent/_work/1/automatedtesting/jmeter/modified_Starter.jmx', '-j', '/home/hsonnl/azagent/_work/1/s/my-taurus-output-3/jmeter.log', '-q', '/home/hsonnl/azagent/_work/1/s/my-taurus-output-3/jmeter-bzt.properties', '-n'] at /home/hsonnl/azagent/_work/1/s
[2022-09-04 06:12:08,651 DEBUG Engine.local] Starting execution: jmeter/Starter.jmx, rest of available slots: 9223372036854775806
[2022-09-04 06:12:08,651 DEBUG root] Leveling down log file verbosity to INFO, use -v option to have DEBUG messages enabled
[2022-09-04 06:12:15,669 INFO Engine.jmeter.JTLReader] Changed data analysis delay to 9s
[2022-09-04 06:12:15,675 INFO Engine.console] Current: 5 vu	1 succ	0 fail	4.264 avg rt	/	Cumulative: 4.264 avg rt, 0% failures
[2022-09-04 06:12:15,689 WARNING Engine] Please wait for graceful shutdown...
[2022-09-04 06:12:15,689 DEBUG root] Leveled up log file verbosity
[2022-09-04 06:12:15,689 INFO Engine] Shutting down...
[2022-09-04 06:12:15,689 DEBUG Engine] Current stop reason: None
[2022-09-04 06:12:15,690 DEBUG Engine.local] Shutdown jmeter/Starter.jmx
[2022-09-04 06:12:15,691 DEBUG Engine.Configuration] Dumping YAML config into /home/hsonnl/azagent/_work/1/s/my-taurus-output-3/effective.yml
[2022-09-04 06:12:15,704 DEBUG Engine.Configuration] Dumping JSON config into /home/hsonnl/azagent/_work/1/s/my-taurus-output-3/effective.json
[2022-09-04 06:12:15,705 INFO Engine] Post-processing...
[2022-09-04 06:12:15,705 DEBUG Engine.local] Post-process jmeter/Starter.jmx
[2022-09-04 06:12:15,705 DEBUG Engine] Add existing artifact (move=True): /home/hsonnl/azagent/_work/1/automatedtesting/jmeter/modified_Starter.jmx
[2022-09-04 06:12:15,705 DEBUG Engine] Moving /home/hsonnl/azagent/_work/1/automatedtesting/jmeter/modified_Starter.jmx to /home/hsonnl/azagent/_work/1/s/my-taurus-output-3/modified_Starter.jmx
[2022-09-04 06:12:15,706 DEBUG Engine.jmeter.JTLReader] Buffer len: 1; Known errors count: 0
[2022-09-04 06:12:15,706 DEBUG Engine.jmeter.JTLReader] Aggregating: 1662271935, 1 in buffer
[2022-09-04 06:12:15,708 DEBUG Engine.jmeter.JTLReader] Buffer len: 0; Known errors count: 0
[2022-09-04 06:12:15,708 DEBUG Engine.consolidator] Consolidator buffer[3]: dict_keys([1662271931, 1662271932, 1662271935])
[2022-09-04 06:12:15,708 DEBUG Engine.consolidator] Merging into 1662271931
[2022-09-04 06:12:15,708 DEBUG Engine.consolidator] Bypassing consolidation because of single result
[2022-09-04 06:12:15,709 DEBUG Engine.consolidator] Processed datapoint: 1662271931/ConsolidatingAggregator@140516265153152
[2022-09-04 06:12:15,709 DEBUG Engine.consolidator] Merging into 1662271932
[2022-09-04 06:12:15,709 DEBUG Engine.consolidator] Bypassing consolidation because of single result
[2022-09-04 06:12:15,709 DEBUG Engine.consolidator] Processed datapoint: 1662271932/ConsolidatingAggregator@140516265153152
[2022-09-04 06:12:15,709 DEBUG Engine.consolidator] Merging into 1662271935
[2022-09-04 06:12:15,709 DEBUG Engine.consolidator] Bypassing consolidation because of single result
[2022-09-04 06:12:15,710 DEBUG Engine.consolidator] Processed datapoint: 1662271935/ConsolidatingAggregator@140516265153152
[2022-09-04 06:12:15,710 INFO Engine.final-stats] Test duration: 0:00:07
[2022-09-04 06:12:15,710 INFO Engine.final-stats] Samples count: 100, 0.00% failures
[2022-09-04 06:12:15,710 INFO Engine.final-stats] Average times: total 0.186, latency 0.186, connect 0.008
[2022-09-04 06:12:15,724 INFO Engine.final-stats] Percentiles:
+---------------+---------------+
| Percentile, % | Resp. Time, s |
+---------------+---------------+
|           0.0 |         0.004 |
|          50.0 |         0.006 |
|          90.0 |         0.014 |
|          95.0 |         0.018 |
|          99.0 |         4.006 |
|          99.9 |         4.264 |
|         100.0 |         4.264 |
+---------------+---------------+
[2022-09-04 06:12:15,725 INFO Engine.final-stats] Request label stats:
+-------------------+--------+---------+--------+-------+
| label             | status |    succ | avg_rt | error |
+-------------------+--------+---------+--------+-------+
| Create Employee   |   OK   | 100.00% |  0.007 |       |
| Get All Employees |   OK   | 100.00% |  0.365 |       |
+-------------------+--------+---------+--------+-------+
[2022-09-04 06:12:15,725 DEBUG Engine.console] No logger_handler or orig_stream was detected
[2022-09-04 06:12:15,725 INFO Engine.XUnitFileWriter] Writing JUnit XML report into: my-taurus-output-3/TEST-Taurus.xml
[2022-09-04 06:12:15,727 DEBUG Engine.Configuration] Dumping YAML config into /home/hsonnl/azagent/_work/1/s/my-taurus-output-3/effective.yml
[2022-09-04 06:12:15,739 DEBUG Engine.Configuration] Dumping JSON config into /home/hsonnl/azagent/_work/1/s/my-taurus-output-3/effective.json
[2022-09-04 06:12:15,739 INFO root] Artifacts dir: /home/hsonnl/azagent/_work/1/s/my-taurus-output-3
[2022-09-04 06:12:15,739 INFO root] Done performing with code: 0
[2022-09-04 06:12:15,739 DEBUG root] Closing log handler: /home/hsonnl/azagent/_work/1/s/my-taurus-output-3/bzt.log
